<?xml version="1.0" encoding="UTF-8"?>
<!-- Generated by org.testng.reporters.JUnitReportReporter -->
<testsuite hostname="SHREYA" failures="0" tests="1" name="com.example.AppTest" time="0.015" errors="0" timestamp="2025-02-14T22:32:02 IST" skipped="0">
  <testcase classname="com.example.AppTest" name="testAddition" time="0.015"/>
</testsuite> <!-- com.example.AppTest -->
